Analysis & Synthesis report for DrinksMachine
Sun May 16 17:34:03 2021
Quartus Prime Version 17.1.0 Build 590 10/25/2017 SJ Lite Edition


---------------------
; Table of Contents ;
---------------------
  1. Legal Notice
  2. Analysis & Synthesis Summary
  3. Analysis & Synthesis Settings
  4. Parallel Compilation
  5. Analysis & Synthesis Source Files Read
  6. Analysis & Synthesis Resource Usage Summary
  7. Analysis & Synthesis Resource Utilization by Entity
  8. Registers Removed During Synthesis
  9. Removed Registers Triggering Further Register Optimizations
 10. General Register Statistics
 11. Parameter Settings for User Entity Instance: timer:inst5
 12. Parameter Settings for User Entity Instance: ClkDividerN:inst1
 13. Parameter Settings for User Entity Instance: DebounceUnit:inst2
 14. Parameter Settings for User Entity Instance: DebounceUnit:inst3
 15. Post-Synthesis Netlist Statistics for Top Partition
 16. Elapsed Time Per Partition
 17. Analysis & Synthesis Messages



----------------
; Legal Notice ;
----------------
Copyright (C) 2017  Intel Corporation. All rights reserved.
Your use of Intel Corporation's design tools, logic functions 
and other software and tools, and its AMPP partner logic 
functions, and any output files from any of the foregoing 
(including device programming or simulation files), and any 
associated documentation or information are expressly subject 
to the terms and conditions of the Intel Program License 
Subscription Agreement, the Intel Quartus Prime License Agreement,
the Intel FPGA IP License Agreement, or other applicable license
agreement, including, without limitation, that your use is for
the sole purpose of programming logic devices manufactured by
Intel and sold by Intel or its authorized distributors.  Please
refer to the applicable agreement for further details.



+----------------------------------------------------------------------------------+
; Analysis & Synthesis Summary                                                     ;
+------------------------------------+---------------------------------------------+
; Analysis & Synthesis Status        ; Successful - Sun May 16 17:34:03 2021       ;
; Quartus Prime Version              ; 17.1.0 Build 590 10/25/2017 SJ Lite Edition ;
; Revision Name                      ; DrinksMachine                               ;
; Top-level Entity Name              ; DrinksMachineDemo                           ;
; Family                             ; Cyclone IV E                                ;
; Total logic elements               ; 0                                           ;
;     Total combinational functions  ; 0                                           ;
;     Dedicated logic registers      ; 0                                           ;
; Total registers                    ; 0                                           ;
; Total pins                         ; 5                                           ;
; Total virtual pins                 ; 0                                           ;
; Total memory bits                  ; 0                                           ;
; Embedded Multiplier 9-bit elements ; 0                                           ;
; Total PLLs                         ; 0                                           ;
+------------------------------------+---------------------------------------------+


+----------------------------------------------------------------------------------------------------------------------+
; Analysis & Synthesis Settings                                                                                        ;
+----------------------------------------------------------------------------+--------------------+--------------------+
; Option                                                                     ; Setting            ; Default Value      ;
+----------------------------------------------------------------------------+--------------------+--------------------+
; Device                                                                     ; EP4CE115F29C7      ;                    ;
; Top-level entity name                                                      ; DrinksMachineDemo  ; DrinksMachine      ;
; Family name                                                                ; Cyclone IV E       ; Cyclone V          ;
; Use smart compilation                                                      ; Off                ; Off                ;
; Enable parallel Assembler and TimeQuest Timing Analyzer during compilation ; On                 ; On                 ;
; Enable compact report table                                                ; Off                ; Off                ;
; Restructure Multiplexers                                                   ; Auto               ; Auto               ;
; Create Debugging Nodes for IP Cores                                        ; Off                ; Off                ;
; Preserve fewer node names                                                  ; On                 ; On                 ;
; Intel FPGA IP Evaluation Mode                                              ; Enable             ; Enable             ;
; Verilog Version                                                            ; Verilog_2001       ; Verilog_2001       ;
; VHDL Version                                                               ; VHDL_1993          ; VHDL_1993          ;
; State Machine Processing                                                   ; Auto               ; Auto               ;
; Safe State Machine                                                         ; Off                ; Off                ;
; Extract Verilog State Machines                                             ; On                 ; On                 ;
; Extract VHDL State Machines                                                ; On                 ; On                 ;
; Ignore Verilog initial constructs                                          ; Off                ; Off                ;
; Iteration limit for constant Verilog loops                                 ; 5000               ; 5000               ;
; Iteration limit for non-constant Verilog loops                             ; 250                ; 250                ;
; Add Pass-Through Logic to Inferred RAMs                                    ; On                 ; On                 ;
; Infer RAMs from Raw Logic                                                  ; On                 ; On                 ;
; Parallel Synthesis                                                         ; On                 ; On                 ;
; DSP Block Balancing                                                        ; Auto               ; Auto               ;
; NOT Gate Push-Back                                                         ; On                 ; On                 ;
; Power-Up Don't Care                                                        ; On                 ; On                 ;
; Remove Redundant Logic Cells                                               ; Off                ; Off                ;
; Remove Duplicate Registers                                                 ; On                 ; On                 ;
; Ignore CARRY Buffers                                                       ; Off                ; Off                ;
; Ignore CASCADE Buffers                                                     ; Off                ; Off                ;
; Ignore GLOBAL Buffers                                                      ; Off                ; Off                ;
; Ignore ROW GLOBAL Buffers                                                  ; Off                ; Off                ;
; Ignore LCELL Buffers                                                       ; Off                ; Off                ;
; Ignore SOFT Buffers                                                        ; On                 ; On                 ;
; Limit AHDL Integers to 32 Bits                                             ; Off                ; Off                ;
; Optimization Technique                                                     ; Balanced           ; Balanced           ;
; Carry Chain Length                                                         ; 70                 ; 70                 ;
; Auto Carry Chains                                                          ; On                 ; On                 ;
; Auto Open-Drain Pins                                                       ; On                 ; On                 ;
; Perform WYSIWYG Primitive Resynthesis                                      ; Off                ; Off                ;
; Auto ROM Replacement                                                       ; On                 ; On                 ;
; Auto RAM Replacement                                                       ; On                 ; On                 ;
; Auto DSP Block Replacement                                                 ; On                 ; On                 ;
; Auto Shift Register Replacement                                            ; Auto               ; Auto               ;
; Allow Shift Register Merging across Hierarchies                            ; Auto               ; Auto               ;
; Auto Clock Enable Replacement                                              ; On                 ; On                 ;
; Strict RAM Replacement                                                     ; Off                ; Off                ;
; Allow Synchronous Control Signals                                          ; On                 ; On                 ;
; Force Use of Synchronous Clear Signals                                     ; Off                ; Off                ;
; Auto RAM Block Balancing                                                   ; On                 ; On                 ;
; Auto RAM to Logic Cell Conversion                                          ; Off                ; Off                ;
; Auto Resource Sharing                                                      ; Off                ; Off                ;
; Allow Any RAM Size For Recognition                                         ; Off                ; Off                ;
; Allow Any ROM Size For Recognition                                         ; Off                ; Off                ;
; Allow Any Shift Register Size For Recognition                              ; Off                ; Off                ;
; Use LogicLock Constraints during Resource Balancing                        ; On                 ; On                 ;
; Ignore translate_off and synthesis_off directives                          ; Off                ; Off                ;
; Timing-Driven Synthesis                                                    ; On                 ; On                 ;
; Report Parameter Settings                                                  ; On                 ; On                 ;
; Report Source Assignments                                                  ; On                 ; On                 ;
; Report Connectivity Checks                                                 ; On                 ; On                 ;
; Ignore Maximum Fan-Out Assignments                                         ; Off                ; Off                ;
; Synchronization Register Chain Length                                      ; 2                  ; 2                  ;
; Power Optimization During Synthesis                                        ; Normal compilation ; Normal compilation ;
; HDL message level                                                          ; Level2             ; Level2             ;
; Suppress Register Optimization Related Messages                            ; Off                ; Off                ;
; Number of Removed Registers Reported in Synthesis Report                   ; 5000               ; 5000               ;
; Number of Swept Nodes Reported in Synthesis Report                         ; 5000               ; 5000               ;
; Number of Inverted Registers Reported in Synthesis Report                  ; 100                ; 100                ;
; Clock MUX Protection                                                       ; On                 ; On                 ;
; Auto Gated Clock Conversion                                                ; Off                ; Off                ;
; Block Design Naming                                                        ; Auto               ; Auto               ;
; SDC constraint protection                                                  ; Off                ; Off                ;
; Synthesis Effort                                                           ; Auto               ; Auto               ;
; Shift Register Replacement - Allow Asynchronous Clear Signal               ; On                 ; On                 ;
; Pre-Mapping Resynthesis Optimization                                       ; Off                ; Off                ;
; Analysis & Synthesis Message Level                                         ; Medium             ; Medium             ;
; Disable Register Merging Across Hierarchies                                ; Auto               ; Auto               ;
; Resource Aware Inference For Block RAM                                     ; On                 ; On                 ;
+----------------------------------------------------------------------------+--------------------+--------------------+


+------------------------------------------+
; Parallel Compilation                     ;
+----------------------------+-------------+
; Processors                 ; Number      ;
+----------------------------+-------------+
; Number detected on machine ; 8           ;
; Maximum allowed            ; 4           ;
;                            ;             ;
; Average used               ; 1.00        ;
; Maximum used               ; 1           ;
;                            ;             ;
; Usage by Processor         ; % Time Used ;
;     Processor 1            ; 100.0%      ;
+----------------------------+-------------+


+--------------------------------------------------------------------------------------------------------------------------------------------------+
; Analysis & Synthesis Source Files Read                                                                                                           ;
+----------------------------------+-----------------+------------------------------------+----------------------------------------------+---------+
; File Name with User-Entered Path ; Used in Netlist ; File Type                          ; File Name with Absolute Path                 ; Library ;
+----------------------------------+-----------------+------------------------------------+----------------------------------------------+---------+
; DrinksFSM.vhd                    ; yes             ; User VHDL File                     ; C:/LSD/Projeto8/Parte2/DrinksFSM.vhd         ;         ;
; DrinksFSMTB.vhd                  ; yes             ; User VHDL File                     ; C:/LSD/Projeto8/Parte2/DrinksFSMTB.vhd       ;         ;
; DrinksMachineDemo.bdf            ; yes             ; User Block Diagram/Schematic File  ; C:/LSD/Projeto8/Parte2/DrinksMachineDemo.bdf ;         ;
; ClkDividerN.vhd                  ; yes             ; User VHDL File                     ; C:/LSD/Projeto8/Parte2/ClkDividerN.vhd       ;         ;
; DebounceUnit.vhd                 ; yes             ; User VHDL File                     ; C:/LSD/Projeto8/Parte2/DebounceUnit.vhd      ;         ;
; timer.vhd                        ; yes             ; User VHDL File                     ; C:/LSD/Projeto8/Parte2/timer.vhd             ;         ;
+----------------------------------+-----------------+------------------------------------+----------------------------------------------+---------+


+--------------------------------------------------------------+
; Analysis & Synthesis Resource Usage Summary                  ;
+---------------------------------------------+----------------+
; Resource                                    ; Usage          ;
+---------------------------------------------+----------------+
;                                             ;                ;
; Total combinational functions               ; 0              ;
; Logic element usage by number of LUT inputs ;                ;
;     -- 4 input functions                    ; 0              ;
;     -- 3 input functions                    ; 0              ;
;     -- <=2 input functions                  ; 0              ;
;                                             ;                ;
; Logic elements by mode                      ;                ;
;     -- normal mode                          ; 0              ;
;     -- arithmetic mode                      ; 0              ;
;                                             ;                ;
; Total registers                             ; 0              ;
;     -- Dedicated logic registers            ; 0              ;
;     -- I/O registers                        ; 0              ;
;                                             ;                ;
; I/O pins                                    ; 5              ;
;                                             ;                ;
; Embedded Multiplier 9-bit elements          ; 0              ;
;                                             ;                ;
; Maximum fan-out node                        ; LEDR[0]~output ;
; Maximum fan-out                             ; 1              ;
; Total fan-out                               ; 5              ;
; Average fan-out                             ; 0.50           ;
+---------------------------------------------+----------------+


+----------------------------------------------------------------------------------------------------------------------------------------------------------------------------------------------------------------+
; Analysis & Synthesis Resource Utilization by Entity                                                                                                                                                            ;
+----------------------------+---------------------+---------------------------+-------------+--------------+---------+-----------+------+--------------+---------------------+-------------------+--------------+
; Compilation Hierarchy Node ; Combinational ALUTs ; Dedicated Logic Registers ; Memory Bits ; DSP Elements ; DSP 9x9 ; DSP 18x18 ; Pins ; Virtual Pins ; Full Hierarchy Name ; Entity Name       ; Library Name ;
+----------------------------+---------------------+---------------------------+-------------+--------------+---------+-----------+------+--------------+---------------------+-------------------+--------------+
; |DrinksMachineDemo         ; 0 (0)               ; 0 (0)                     ; 0           ; 0            ; 0       ; 0         ; 5    ; 0            ; |DrinksMachineDemo  ; DrinksMachineDemo ; work         ;
+----------------------------+---------------------+---------------------------+-------------+--------------+---------+-----------+------+--------------+---------------------+-------------------+--------------+
Note: For table entries with two numbers listed, the numbers in parentheses indicate the number of resources of the given type used by the specific entity alone. The numbers listed outside of parentheses indicate the total resources of the given type used by the specific entity and all of its sub-entities in the hierarchy.


+---------------------------------------------------------------------------------+
; Registers Removed During Synthesis                                              ;
+----------------------------------------+----------------------------------------+
; Register name                          ; Reason for Removal                     ;
+----------------------------------------+----------------------------------------+
; ClkDividerN:inst1|clkOut               ; Stuck at VCC due to stuck port data_in ;
; timer:inst5|s_count[0..10]             ; Stuck at GND due to stuck port clock   ;
; timer:inst5|pulseOut                   ; Stuck at GND due to stuck port clock   ;
; timer:inst5|s_count[11..30]            ; Stuck at GND due to stuck port clock   ;
; ClkDividerN:inst1|s_divCounter         ; Lost fanout                            ;
; Total Number of Removed Registers = 34 ;                                        ;
+----------------------------------------+----------------------------------------+


+-----------------------------------------------------------------------------------------------------------------------------------+
; Removed Registers Triggering Further Register Optimizations                                                                       ;
+--------------------------+---------------------------+----------------------------------------------------------------------------+
; Register name            ; Reason for Removal        ; Registers Removed due to This Register                                     ;
+--------------------------+---------------------------+----------------------------------------------------------------------------+
; ClkDividerN:inst1|clkOut ; Stuck at VCC              ; timer:inst5|s_count[10], timer:inst5|s_count[9], timer:inst5|s_count[8],   ;
;                          ; due to stuck port data_in ; timer:inst5|s_count[7], timer:inst5|s_count[6], timer:inst5|s_count[5],    ;
;                          ;                           ; timer:inst5|s_count[4], timer:inst5|s_count[3], timer:inst5|s_count[2],    ;
;                          ;                           ; timer:inst5|s_count[1], timer:inst5|s_count[0], timer:inst5|pulseOut,      ;
;                          ;                           ; timer:inst5|s_count[11], timer:inst5|s_count[12], timer:inst5|s_count[13], ;
;                          ;                           ; timer:inst5|s_count[14], timer:inst5|s_count[15], timer:inst5|s_count[16], ;
;                          ;                           ; timer:inst5|s_count[17], timer:inst5|s_count[18], timer:inst5|s_count[19], ;
;                          ;                           ; timer:inst5|s_count[20], timer:inst5|s_count[21], timer:inst5|s_count[22], ;
;                          ;                           ; timer:inst5|s_count[23], timer:inst5|s_count[24], timer:inst5|s_count[25], ;
;                          ;                           ; timer:inst5|s_count[26], timer:inst5|s_count[27], timer:inst5|s_count[28], ;
;                          ;                           ; timer:inst5|s_count[29], timer:inst5|s_count[30]                           ;
+--------------------------+---------------------------+----------------------------------------------------------------------------+


+------------------------------------------------------+
; General Register Statistics                          ;
+----------------------------------------------+-------+
; Statistic                                    ; Value ;
+----------------------------------------------+-------+
; Total registers                              ; 0     ;
; Number of registers using Synchronous Clear  ; 0     ;
; Number of registers using Synchronous Load   ; 0     ;
; Number of registers using Asynchronous Clear ; 0     ;
; Number of registers using Asynchronous Load  ; 0     ;
; Number of registers using Clock Enable       ; 0     ;
; Number of registers using Preset             ; 0     ;
+----------------------------------------------+-------+


+----------------------------------------------------------+
; Parameter Settings for User Entity Instance: timer:inst5 ;
+----------------+-------+---------------------------------+
; Parameter Name ; Value ; Type                            ;
+----------------+-------+---------------------------------+
; TIME_S         ; 1     ; Signed Integer                  ;
; CLK_FREQ_KHZ   ; 50000 ; Signed Integer                  ;
+----------------+-------+---------------------------------+
Note: In order to hide this table in the UI and the text report file, please set the "Show Parameter Settings in Synthesis Report" option in "Analysis and Synthesis Settings -> More Settings" to "Off".


+----------------------------------------------------------------+
; Parameter Settings for User Entity Instance: ClkDividerN:inst1 ;
+----------------+-------+---------------------------------------+
; Parameter Name ; Value ; Type                                  ;
+----------------+-------+---------------------------------------+
; divFactor      ; 2     ; Signed Integer                        ;
+----------------+-------+---------------------------------------+
Note: In order to hide this table in the UI and the text report file, please set the "Show Parameter Settings in Synthesis Report" option in "Analysis and Synthesis Settings -> More Settings" to "Off".


+-----------------------------------------------------------------+
; Parameter Settings for User Entity Instance: DebounceUnit:inst2 ;
+----------------+-------+----------------------------------------+
; Parameter Name ; Value ; Type                                   ;
+----------------+-------+----------------------------------------+
; khzclkfreq     ; 50000 ; Signed Integer                         ;
; msecmininwidth ; 100   ; Signed Integer                         ;
; inpolarity     ; '0'   ; Enumerated                             ;
; outpolarity    ; '1'   ; Enumerated                             ;
+----------------+-------+----------------------------------------+
Note: In order to hide this table in the UI and the text report file, please set the "Show Parameter Settings in Synthesis Report" option in "Analysis and Synthesis Settings -> More Settings" to "Off".


+-----------------------------------------------------------------+
; Parameter Settings for User Entity Instance: DebounceUnit:inst3 ;
+----------------+-------+----------------------------------------+
; Parameter Name ; Value ; Type                                   ;
+----------------+-------+----------------------------------------+
; khzclkfreq     ; 50000 ; Signed Integer                         ;
; msecmininwidth ; 100   ; Signed Integer                         ;
; inpolarity     ; '0'   ; Enumerated                             ;
; outpolarity    ; '1'   ; Enumerated                             ;
+----------------+-------+----------------------------------------+
Note: In order to hide this table in the UI and the text report file, please set the "Show Parameter Settings in Synthesis Report" option in "Analysis and Synthesis Settings -> More Settings" to "Off".


+-----------------------------------------------------+
; Post-Synthesis Netlist Statistics for Top Partition ;
+-----------------------+-----------------------------+
; Type                  ; Count                       ;
+-----------------------+-----------------------------+
; boundary_port         ; 5                           ;
; cycloneiii_lcell_comb ; 1                           ;
;     normal            ; 1                           ;
;         0 data inputs ; 1                           ;
;                       ;                             ;
; Max LUT depth         ; 0.00                        ;
; Average LUT depth     ; 0.00                        ;
+-----------------------+-----------------------------+


+-------------------------------+
; Elapsed Time Per Partition    ;
+----------------+--------------+
; Partition Name ; Elapsed Time ;
+----------------+--------------+
; Top            ; 00:00:00     ;
+----------------+--------------+


+-------------------------------+
; Analysis & Synthesis Messages ;
+-------------------------------+
Info: *******************************************************************
Info: Running Quartus Prime Analysis & Synthesis
    Info: Version 17.1.0 Build 590 10/25/2017 SJ Lite Edition
    Info: Processing started: Sun May 16 17:33:54 2021
Info: Command: quartus_map --read_settings_files=on --write_settings_files=off DrinksMachine -c DrinksMachine
Warning (18236): Number of processors has not been specified which may cause overloading on shared machines.  Set the global assignment NUM_PARALLEL_PROCESSORS in your QSF to an appropriate value for best performance.
Info (20030): Parallel compilation is enabled and will use 4 of the 4 processors detected
Info (12021): Found 2 design units, including 1 entities, in source file drinksfsm.vhd
    Info (12022): Found design unit 1: DrinksFSM-Shell File: C:/LSD/Projeto8/Parte2/DrinksFSM.vhd Line: 15
    Info (12023): Found entity 1: DrinksFSM File: C:/LSD/Projeto8/Parte2/DrinksFSM.vhd Line: 6
Info (12021): Found 2 design units, including 1 entities, in source file drinksfsmtb.vhd
    Info (12022): Found design unit 1: DrinksFSM-Silva File: C:/LSD/Projeto8/Parte2/DrinksFSMTB.vhd Line: 11
    Info (12023): Found entity 1: DrinksFSMTB File: C:/LSD/Projeto8/Parte2/DrinksFSMTB.vhd Line: 6
Info (12021): Found 1 design units, including 1 entities, in source file drinksmachinedemo.bdf
    Info (12023): Found entity 1: DrinksMachineDemo
Info (12021): Found 2 design units, including 1 entities, in source file clkdividern.vhd
    Info (12022): Found design unit 1: ClkDividerN-Behavioral File: C:/LSD/Projeto8/Parte2/ClkDividerN.vhd Line: 14
    Info (12023): Found entity 1: ClkDividerN File: C:/LSD/Projeto8/Parte2/ClkDividerN.vhd Line: 7
Info (12021): Found 2 design units, including 1 entities, in source file debounceunit.vhd
    Info (12022): Found design unit 1: DebounceUnit-Behavioral File: C:/LSD/Projeto8/Parte2/DebounceUnit.vhd Line: 15
    Info (12023): Found entity 1: DebounceUnit File: C:/LSD/Projeto8/Parte2/DebounceUnit.vhd Line: 5
Info (12021): Found 2 design units, including 1 entities, in source file timer.vhd
    Info (12022): Found design unit 1: timer-Behavioral File: C:/LSD/Projeto8/Parte2/timer.vhd Line: 16
    Info (12023): Found entity 1: timer File: C:/LSD/Projeto8/Parte2/timer.vhd Line: 6
Info (12127): Elaborating entity "DrinksMachineDemo" for the top level hierarchy
Info (12128): Elaborating entity "timer" for hierarchy "timer:inst5"
Info (12128): Elaborating entity "ClkDividerN" for hierarchy "ClkDividerN:inst1"
Info (12128): Elaborating entity "DrinksFSM" for hierarchy "DrinksFSM:inst"
Warning (10873): Using initial value X (don't care) for net "sout" at DrinksFSM.vhd(11) File: C:/LSD/Projeto8/Parte2/DrinksFSM.vhd Line: 11
Warning (10873): Using initial value X (don't care) for net "Drink" at DrinksFSM.vhd(12) File: C:/LSD/Projeto8/Parte2/DrinksFSM.vhd Line: 12
Info (12128): Elaborating entity "DebounceUnit" for hierarchy "DebounceUnit:inst2"
Warning (13024): Output pins are stuck at VCC or GND
    Warning (13410): Pin "LEDR[0]" is stuck at GND
Info (17049): 1 registers lost all their fanouts during netlist optimizations.
Info (16010): Generating hard_block partition "hard_block:auto_generated_inst"
    Info (16011): Adding 0 node(s), including 0 DDIO, 0 PLL, 0 transceiver and 0 LCELL
Warning (21074): Design contains 4 input pin(s) that do not drive logic
    Warning (15610): No output dependent on input pin "CLOCK_50"
    Warning (15610): No output dependent on input pin "KEY[0]"
    Warning (15610): No output dependent on input pin "SW[1]"
    Warning (15610): No output dependent on input pin "SW[0]"
Info (21057): Implemented 5 device resources after synthesis - the final resource count might be different
    Info (21058): Implemented 4 input pins
    Info (21059): Implemented 1 output pins
Info: Quartus Prime Analysis & Synthesis was successful. 0 errors, 10 warnings
    Info: Peak virtual memory: 4789 megabytes
    Info: Processing ended: Sun May 16 17:34:03 2021
    Info: Elapsed time: 00:00:09
    Info: Total CPU time (on all processors): 00:00:19


