Analysis & Synthesis report for Contadorgray
Fri May 21 10:58:23 2021
Quartus Prime Version 17.1.0 Build 590 10/25/2017 SJ Lite Edition


---------------------
; Table of Contents ;
---------------------
  1. Legal Notice
  2. Analysis & Synthesis Summary
  3. Analysis & Synthesis Settings
  4. Parallel Compilation
  5. Analysis & Synthesis Source Files Read
  6. Analysis & Synthesis Resource Usage Summary
  7. Analysis & Synthesis Resource Utilization by Entity
  8. State Machine - |contadorgrayDemo|contadorgray:inst|pstaty
  9. Registers Removed During Synthesis
 10. Removed Registers Triggering Further Register Optimizations
 11. General Register Statistics
 12. Multiplexer Restructuring Statistics (Restructuring Performed)
 13. Parameter Settings for User Entity Instance: ClkDividerN:inst4
 14. Post-Synthesis Netlist Statistics for Top Partition
 15. Elapsed Time Per Partition
 16. Analysis & Synthesis Messages



----------------
; Legal Notice ;
----------------
Copyright (C) 2017  Intel Corporation. All rights reserved.
Your use of Intel Corporation's design tools, logic functions 
and other software and tools, and its AMPP partner logic 
functions, and any output files from any of the foregoing 
(including device programming or simulation files), and any 
associated documentation or information are expressly subject 
to the terms and conditions of the Intel Program License 
Subscription Agreement, the Intel Quartus Prime License Agreement,
the Intel FPGA IP License Agreement, or other applicable license
agreement, including, without limitation, that your use is for
the sole purpose of programming logic devices manufactured by
Intel and sold by Intel or its authorized distributors.  Please
refer to the applicable agreement for further details.



+----------------------------------------------------------------------------------+
; Analysis & Synthesis Summary                                                     ;
+------------------------------------+---------------------------------------------+
; Analysis & Synthesis Status        ; Successful - Fri May 21 10:58:23 2021       ;
; Quartus Prime Version              ; 17.1.0 Build 590 10/25/2017 SJ Lite Edition ;
; Revision Name                      ; Contadorgray                                ;
; Top-level Entity Name              ; contadorgrayDemo                            ;
; Family                             ; Cyclone IV E                                ;
; Total logic elements               ; 0                                           ;
;     Total combinational functions  ; 0                                           ;
;     Dedicated logic registers      ; 0                                           ;
; Total registers                    ; 0                                           ;
; Total pins                         ; 15                                          ;
; Total virtual pins                 ; 0                                           ;
; Total memory bits                  ; 0                                           ;
; Embedded Multiplier 9-bit elements ; 0                                           ;
; Total PLLs                         ; 0                                           ;
+------------------------------------+---------------------------------------------+


+----------------------------------------------------------------------------------------------------------------------+
; Analysis & Synthesis Settings                                                                                        ;
+----------------------------------------------------------------------------+--------------------+--------------------+
; Option                                                                     ; Setting            ; Default Value      ;
+----------------------------------------------------------------------------+--------------------+--------------------+
; Device                                                                     ; EP4CE115F29C7      ;                    ;
; Top-level entity name                                                      ; contadorgrayDemo   ; Contadorgray       ;
; Family name                                                                ; Cyclone IV E       ; Cyclone V          ;
; Use smart compilation                                                      ; Off                ; Off                ;
; Enable parallel Assembler and TimeQuest Timing Analyzer during compilation ; On                 ; On                 ;
; Enable compact report table                                                ; Off                ; Off                ;
; Restructure Multiplexers                                                   ; Auto               ; Auto               ;
; Create Debugging Nodes for IP Cores                                        ; Off                ; Off                ;
; Preserve fewer node names                                                  ; On                 ; On                 ;
; Intel FPGA IP Evaluation Mode                                              ; Enable             ; Enable             ;
; Verilog Version                                                            ; Verilog_2001       ; Verilog_2001       ;
; VHDL Version                                                               ; VHDL_1993          ; VHDL_1993          ;
; State Machine Processing                                                   ; Auto               ; Auto               ;
; Safe State Machine                                                         ; Off                ; Off                ;
; Extract Verilog State Machines                                             ; On                 ; On                 ;
; Extract VHDL State Machines                                                ; On                 ; On                 ;
; Ignore Verilog initial constructs                                          ; Off                ; Off                ;
; Iteration limit for constant Verilog loops                                 ; 5000               ; 5000               ;
; Iteration limit for non-constant Verilog loops                             ; 250                ; 250                ;
; Add Pass-Through Logic to Inferred RAMs                                    ; On                 ; On                 ;
; Infer RAMs from Raw Logic                                                  ; On                 ; On                 ;
; Parallel Synthesis                                                         ; On                 ; On                 ;
; DSP Block Balancing                                                        ; Auto               ; Auto               ;
; NOT Gate Push-Back                                                         ; On                 ; On                 ;
; Power-Up Don't Care                                                        ; On                 ; On                 ;
; Remove Redundant Logic Cells                                               ; Off                ; Off                ;
; Remove Duplicate Registers                                                 ; On                 ; On                 ;
; Ignore CARRY Buffers                                                       ; Off                ; Off                ;
; Ignore CASCADE Buffers                                                     ; Off                ; Off                ;
; Ignore GLOBAL Buffers                                                      ; Off                ; Off                ;
; Ignore ROW GLOBAL Buffers                                                  ; Off                ; Off                ;
; Ignore LCELL Buffers                                                       ; Off                ; Off                ;
; Ignore SOFT Buffers                                                        ; On                 ; On                 ;
; Limit AHDL Integers to 32 Bits                                             ; Off                ; Off                ;
; Optimization Technique                                                     ; Balanced           ; Balanced           ;
; Carry Chain Length                                                         ; 70                 ; 70                 ;
; Auto Carry Chains                                                          ; On                 ; On                 ;
; Auto Open-Drain Pins                                                       ; On                 ; On                 ;
; Perform WYSIWYG Primitive Resynthesis                                      ; Off                ; Off                ;
; Auto ROM Replacement                                                       ; On                 ; On                 ;
; Auto RAM Replacement                                                       ; On                 ; On                 ;
; Auto DSP Block Replacement                                                 ; On                 ; On                 ;
; Auto Shift Register Replacement                                            ; Auto               ; Auto               ;
; Allow Shift Register Merging across Hierarchies                            ; Auto               ; Auto               ;
; Auto Clock Enable Replacement                                              ; On                 ; On                 ;
; Strict RAM Replacement                                                     ; Off                ; Off                ;
; Allow Synchronous Control Signals                                          ; On                 ; On                 ;
; Force Use of Synchronous Clear Signals                                     ; Off                ; Off                ;
; Auto RAM Block Balancing                                                   ; On                 ; On                 ;
; Auto RAM to Logic Cell Conversion                                          ; Off                ; Off                ;
; Auto Resource Sharing                                                      ; Off                ; Off                ;
; Allow Any RAM Size For Recognition                                         ; Off                ; Off                ;
; Allow Any ROM Size For Recognition                                         ; Off                ; Off                ;
; Allow Any Shift Register Size For Recognition                              ; Off                ; Off                ;
; Use LogicLock Constraints during Resource Balancing                        ; On                 ; On                 ;
; Ignore translate_off and synthesis_off directives                          ; Off                ; Off                ;
; Timing-Driven Synthesis                                                    ; On                 ; On                 ;
; Report Parameter Settings                                                  ; On                 ; On                 ;
; Report Source Assignments                                                  ; On                 ; On                 ;
; Report Connectivity Checks                                                 ; On                 ; On                 ;
; Ignore Maximum Fan-Out Assignments                                         ; Off                ; Off                ;
; Synchronization Register Chain Length                                      ; 2                  ; 2                  ;
; Power Optimization During Synthesis                                        ; Normal compilation ; Normal compilation ;
; HDL message level                                                          ; Level2             ; Level2             ;
; Suppress Register Optimization Related Messages                            ; Off                ; Off                ;
; Number of Removed Registers Reported in Synthesis Report                   ; 5000               ; 5000               ;
; Number of Swept Nodes Reported in Synthesis Report                         ; 5000               ; 5000               ;
; Number of Inverted Registers Reported in Synthesis Report                  ; 100                ; 100                ;
; Clock MUX Protection                                                       ; On                 ; On                 ;
; Auto Gated Clock Conversion                                                ; Off                ; Off                ;
; Block Design Naming                                                        ; Auto               ; Auto               ;
; SDC constraint protection                                                  ; Off                ; Off                ;
; Synthesis Effort                                                           ; Auto               ; Auto               ;
; Shift Register Replacement - Allow Asynchronous Clear Signal               ; On                 ; On                 ;
; Pre-Mapping Resynthesis Optimization                                       ; Off                ; Off                ;
; Analysis & Synthesis Message Level                                         ; Medium             ; Medium             ;
; Disable Register Merging Across Hierarchies                                ; Auto               ; Auto               ;
; Resource Aware Inference For Block RAM                                     ; On                 ; On                 ;
+----------------------------------------------------------------------------+--------------------+--------------------+


+------------------------------------------+
; Parallel Compilation                     ;
+----------------------------+-------------+
; Processors                 ; Number      ;
+----------------------------+-------------+
; Number detected on machine ; 8           ;
; Maximum allowed            ; 4           ;
;                            ;             ;
; Average used               ; 1.00        ;
; Maximum used               ; 1           ;
;                            ;             ;
; Usage by Processor         ; % Time Used ;
;     Processor 1            ; 100.0%      ;
+----------------------------+-------------+


+----------------------------------------------------------------------------------------------------------------------------------------------------------------+
; Analysis & Synthesis Source Files Read                                                                                                                         ;
+----------------------------------+-----------------+------------------------------------+------------------------------------------------------------+---------+
; File Name with User-Entered Path ; Used in Netlist ; File Type                          ; File Name with Absolute Path                               ; Library ;
+----------------------------------+-----------------+------------------------------------+------------------------------------------------------------+---------+
; contadorgray.vhd                 ; yes             ; User VHDL File                     ; C:/LSD/Outros/Treinos/Contador gray/contadorgray.vhd       ;         ;
; CounterLoadUpDown4.vhd           ; yes             ; User VHDL File                     ; C:/LSD/Outros/Treinos/Contador gray/CounterLoadUpDown4.vhd ;         ;
; Bin7SegDecoder.vhd               ; yes             ; User VHDL File                     ; C:/LSD/Outros/Treinos/Contador gray/Bin7SegDecoder.vhd     ;         ;
; ClkDividerN.vhd                  ; yes             ; User VHDL File                     ; C:/LSD/Outros/Treinos/Contador gray/ClkDividerN.vhd        ;         ;
; ampliadorde_bits.vhd             ; yes             ; User VHDL File                     ; C:/LSD/Outros/Treinos/Contador gray/ampliadorde_bits.vhd   ;         ;
; contadorgrayDemo.bdf             ; yes             ; User Block Diagram/Schematic File  ; C:/LSD/Outros/Treinos/Contador gray/contadorgrayDemo.bdf   ;         ;
+----------------------------------+-----------------+------------------------------------+------------------------------------------------------------+---------+


+--------------------------------------------------------------+
; Analysis & Synthesis Resource Usage Summary                  ;
+---------------------------------------------+----------------+
; Resource                                    ; Usage          ;
+---------------------------------------------+----------------+
;                                             ;                ;
; Total combinational functions               ; 0              ;
; Logic element usage by number of LUT inputs ;                ;
;     -- 4 input functions                    ; 0              ;
;     -- 3 input functions                    ; 0              ;
;     -- <=2 input functions                  ; 0              ;
;                                             ;                ;
; Logic elements by mode                      ;                ;
;     -- normal mode                          ; 0              ;
;     -- arithmetic mode                      ; 0              ;
;                                             ;                ;
; Total registers                             ; 0              ;
;     -- Dedicated logic registers            ; 0              ;
;     -- I/O registers                        ; 0              ;
;                                             ;                ;
; I/O pins                                    ; 15             ;
;                                             ;                ;
; Embedded Multiplier 9-bit elements          ; 0              ;
;                                             ;                ;
; Maximum fan-out node                        ; HEX0[6]~output ;
; Maximum fan-out                             ; 1              ;
; Total fan-out                               ; 15             ;
; Average fan-out                             ; 0.50           ;
+---------------------------------------------+----------------+


+---------------------------------------------------------------------------------------------------------------------------------------------------------------------------------------------------------------+
; Analysis & Synthesis Resource Utilization by Entity                                                                                                                                                           ;
+----------------------------+---------------------+---------------------------+-------------+--------------+---------+-----------+------+--------------+---------------------+------------------+--------------+
; Compilation Hierarchy Node ; Combinational ALUTs ; Dedicated Logic Registers ; Memory Bits ; DSP Elements ; DSP 9x9 ; DSP 18x18 ; Pins ; Virtual Pins ; Full Hierarchy Name ; Entity Name      ; Library Name ;
+----------------------------+---------------------+---------------------------+-------------+--------------+---------+-----------+------+--------------+---------------------+------------------+--------------+
; |contadorgrayDemo          ; 0 (0)               ; 0 (0)                     ; 0           ; 0            ; 0       ; 0         ; 15   ; 0            ; |contadorgrayDemo   ; contadorgrayDemo ; work         ;
+----------------------------+---------------------+---------------------------+-------------+--------------+---------+-----------+------+--------------+---------------------+------------------+--------------+
Note: For table entries with two numbers listed, the numbers in parentheses indicate the number of resources of the given type used by the specific entity alone. The numbers listed outside of parentheses indicate the total resources of the given type used by the specific entity and all of its sub-entities in the hierarchy.


Encoding Type:  One-Hot
+-----------------------------------------------------------------------------------------------------------------------------+
; State Machine - |contadorgrayDemo|contadorgray:inst|pstaty                                                                  ;
+-------------+-------------+-------------+-------------+-------------+-------------+-------------+-------------+-------------+
; Name        ; pstaty.S111 ; pstaty.S110 ; pstaty.S101 ; pstaty.S100 ; pstaty.S011 ; pstaty.S010 ; pstaty.S001 ; pstaty.S000 ;
+-------------+-------------+-------------+-------------+-------------+-------------+-------------+-------------+-------------+
; pstaty.S000 ; 0           ; 0           ; 0           ; 0           ; 0           ; 0           ; 0           ; 0           ;
; pstaty.S001 ; 0           ; 0           ; 0           ; 0           ; 0           ; 0           ; 1           ; 1           ;
; pstaty.S010 ; 0           ; 0           ; 0           ; 0           ; 0           ; 1           ; 0           ; 1           ;
; pstaty.S011 ; 0           ; 0           ; 0           ; 0           ; 1           ; 0           ; 0           ; 1           ;
; pstaty.S100 ; 0           ; 0           ; 0           ; 1           ; 0           ; 0           ; 0           ; 1           ;
; pstaty.S101 ; 0           ; 0           ; 1           ; 0           ; 0           ; 0           ; 0           ; 1           ;
; pstaty.S110 ; 0           ; 1           ; 0           ; 0           ; 0           ; 0           ; 0           ; 1           ;
; pstaty.S111 ; 1           ; 0           ; 0           ; 0           ; 0           ; 0           ; 0           ; 1           ;
+-------------+-------------+-------------+-------------+-------------+-------------+-------------+-------------+-------------+


+-------------------------------------------------------------------------------+
; Registers Removed During Synthesis                                            ;
+----------------------------------------+--------------------------------------+
; Register name                          ; Reason for Removal                   ;
+----------------------------------------+--------------------------------------+
; ClkDividerN:inst4|s_divCounter[0]      ; Stuck at GND due to stuck port clock ;
; ClkDividerN:inst4|clkOut               ; Stuck at GND due to stuck port clock ;
; ClkDividerN:inst4|s_divCounter[1..27]  ; Stuck at GND due to stuck port clock ;
; CounterLoadUpDown4:inst3|s_count[0..2] ; Stuck at GND due to stuck port clock ;
; contadorgray:inst|pstaty.S000          ; Stuck at GND due to stuck port clock ;
; contadorgray:inst|pstaty.S001          ; Stuck at GND due to stuck port clock ;
; contadorgray:inst|pstaty.S010          ; Stuck at GND due to stuck port clock ;
; contadorgray:inst|pstaty.S011          ; Stuck at GND due to stuck port clock ;
; contadorgray:inst|pstaty.S100          ; Stuck at GND due to stuck port clock ;
; contadorgray:inst|pstaty.S101          ; Stuck at GND due to stuck port clock ;
; contadorgray:inst|pstaty.S110          ; Stuck at GND due to stuck port clock ;
; contadorgray:inst|pstaty.S111          ; Stuck at GND due to stuck port clock ;
; Total Number of Removed Registers = 40 ;                                      ;
+----------------------------------------+--------------------------------------+


+----------------------------------------------------------------------------------------------------------------------------------------+
; Removed Registers Triggering Further Register Optimizations                                                                            ;
+-----------------------------------+-------------------------+--------------------------------------------------------------------------+
; Register name                     ; Reason for Removal      ; Registers Removed due to This Register                                   ;
+-----------------------------------+-------------------------+--------------------------------------------------------------------------+
; ClkDividerN:inst4|s_divCounter[0] ; Stuck at GND            ; ClkDividerN:inst4|clkOut, CounterLoadUpDown4:inst3|s_count[0],           ;
;                                   ; due to stuck port clock ; CounterLoadUpDown4:inst3|s_count[1], CounterLoadUpDown4:inst3|s_count[2] ;
+-----------------------------------+-------------------------+--------------------------------------------------------------------------+


+------------------------------------------------------+
; General Register Statistics                          ;
+----------------------------------------------+-------+
; Statistic                                    ; Value ;
+----------------------------------------------+-------+
; Total registers                              ; 0     ;
; Number of registers using Synchronous Clear  ; 0     ;
; Number of registers using Synchronous Load   ; 0     ;
; Number of registers using Asynchronous Clear ; 0     ;
; Number of registers using Asynchronous Load  ; 0     ;
; Number of registers using Clock Enable       ; 0     ;
; Number of registers using Preset             ; 0     ;
+----------------------------------------------+-------+


+---------------------------------------------------------------------------------------------------------------------------------------------------------------+
; Multiplexer Restructuring Statistics (Restructuring Performed)                                                                                                ;
+--------------------+-----------+---------------+----------------------+------------------------+------------+-------------------------------------------------+
; Multiplexer Inputs ; Bus Width ; Baseline Area ; Area if Restructured ; Saving if Restructured ; Registered ; Example Multiplexer Output                      ;
+--------------------+-----------+---------------+----------------------+------------------------+------------+-------------------------------------------------+
; 8:1                ; 2 bits    ; 10 LEs        ; 6 LEs                ; 4 LEs                  ; No         ; |contadorgrayDemo|Bin7SegDecoder:inst6|decOut_n ;
+--------------------+-----------+---------------+----------------------+------------------------+------------+-------------------------------------------------+


+----------------------------------------------------------------+
; Parameter Settings for User Entity Instance: ClkDividerN:inst4 ;
+----------------+-----------+-----------------------------------+
; Parameter Name ; Value     ; Type                              ;
+----------------+-----------+-----------------------------------+
; divfactor      ; 250000000 ; Signed Integer                    ;
+----------------+-----------+-----------------------------------+
Note: In order to hide this table in the UI and the text report file, please set the "Show Parameter Settings in Synthesis Report" option in "Analysis and Synthesis Settings -> More Settings" to "Off".


+-----------------------------------------------------+
; Post-Synthesis Netlist Statistics for Top Partition ;
+-----------------------+-----------------------------+
; Type                  ; Count                       ;
+-----------------------+-----------------------------+
; boundary_port         ; 15                          ;
; cycloneiii_lcell_comb ; 2                           ;
;     normal            ; 2                           ;
;         0 data inputs ; 2                           ;
;                       ;                             ;
; Max LUT depth         ; 0.00                        ;
; Average LUT depth     ; 0.00                        ;
+-----------------------+-----------------------------+


+-------------------------------+
; Elapsed Time Per Partition    ;
+----------------+--------------+
; Partition Name ; Elapsed Time ;
+----------------+--------------+
; Top            ; 00:00:00     ;
+----------------+--------------+


+-------------------------------+
; Analysis & Synthesis Messages ;
+-------------------------------+
Info: *******************************************************************
Info: Running Quartus Prime Analysis & Synthesis
    Info: Version 17.1.0 Build 590 10/25/2017 SJ Lite Edition
    Info: Processing started: Fri May 21 10:58:10 2021
Info: Command: quartus_map --read_settings_files=on --write_settings_files=off Contadorgray -c Contadorgray
Warning (18236): Number of processors has not been specified which may cause overloading on shared machines.  Set the global assignment NUM_PARALLEL_PROCESSORS in your QSF to an appropriate value for best performance.
Info (20030): Parallel compilation is enabled and will use 4 of the 4 processors detected
Info (12021): Found 2 design units, including 1 entities, in source file contadorgray.vhd
    Info (12022): Found design unit 1: contadorgray-Shell File: C:/LSD/Outros/Treinos/Contador gray/contadorgray.vhd Line: 14
    Info (12023): Found entity 1: contadorgray File: C:/LSD/Outros/Treinos/Contador gray/contadorgray.vhd Line: 6
Info (12021): Found 2 design units, including 1 entities, in source file counterloadupdown4.vhd
    Info (12022): Found design unit 1: CounterLoadUpDown4-Behavioral File: C:/LSD/Outros/Treinos/Contador gray/CounterLoadUpDown4.vhd Line: 18
    Info (12023): Found entity 1: CounterLoadUpDown4 File: C:/LSD/Outros/Treinos/Contador gray/CounterLoadUpDown4.vhd Line: 8
Info (12021): Found 2 design units, including 1 entities, in source file bin7segdecoder.vhd
    Info (12022): Found design unit 1: Bin7SegDecoder-Behavioral File: C:/LSD/Outros/Treinos/Contador gray/Bin7SegDecoder.vhd Line: 12
    Info (12023): Found entity 1: Bin7SegDecoder File: C:/LSD/Outros/Treinos/Contador gray/Bin7SegDecoder.vhd Line: 5
Info (12021): Found 2 design units, including 1 entities, in source file clkdividern.vhd
    Info (12022): Found design unit 1: ClkDividerN-Behavioral File: C:/LSD/Outros/Treinos/Contador gray/ClkDividerN.vhd Line: 14
    Info (12023): Found entity 1: ClkDividerN File: C:/LSD/Outros/Treinos/Contador gray/ClkDividerN.vhd Line: 7
Info (12021): Found 2 design units, including 1 entities, in source file ampliadorde_bits.vhd
    Info (12022): Found design unit 1: ampliadorde_bits-amizade File: C:/LSD/Outros/Treinos/Contador gray/ampliadorde_bits.vhd Line: 12
    Info (12023): Found entity 1: ampliadorde_bits File: C:/LSD/Outros/Treinos/Contador gray/ampliadorde_bits.vhd Line: 6
Info (12021): Found 1 design units, including 1 entities, in source file contadorgraydemo.bdf
    Info (12023): Found entity 1: contadorgrayDemo
Info (12127): Elaborating entity "contadorgrayDemo" for the top level hierarchy
Warning (275009): Pin "CLOCK_50" not connected
Info (12128): Elaborating entity "Bin7SegDecoder" for hierarchy "Bin7SegDecoder:inst6"
Info (12128): Elaborating entity "ampliadorde_bits" for hierarchy "ampliadorde_bits:inst2"
Info (12128): Elaborating entity "contadorgray" for hierarchy "contadorgray:inst"
Info (12128): Elaborating entity "ClkDividerN" for hierarchy "ClkDividerN:inst4"
Info (12128): Elaborating entity "CounterLoadUpDown4" for hierarchy "CounterLoadUpDown4:inst3"
Warning (13024): Output pins are stuck at VCC or GND
    Warning (13410): Pin "HEX0[6]" is stuck at VCC
    Warning (13410): Pin "HEX0[5]" is stuck at VCC
    Warning (13410): Pin "HEX0[4]" is stuck at VCC
    Warning (13410): Pin "HEX0[3]" is stuck at VCC
    Warning (13410): Pin "HEX0[2]" is stuck at GND
    Warning (13410): Pin "HEX0[1]" is stuck at GND
    Warning (13410): Pin "HEX0[0]" is stuck at VCC
Info (16010): Generating hard_block partition "hard_block:auto_generated_inst"
    Info (16011): Adding 0 node(s), including 0 DDIO, 0 PLL, 0 transceiver and 0 LCELL
Warning (21074): Design contains 8 input pin(s) that do not drive logic
    Warning (15610): No output dependent on input pin "SW[6]"
    Warning (15610): No output dependent on input pin "SW[5]"
    Warning (15610): No output dependent on input pin "SW[4]"
    Warning (15610): No output dependent on input pin "SW[3]"
    Warning (15610): No output dependent on input pin "SW[2]"
    Warning (15610): No output dependent on input pin "SW[1]"
    Warning (15610): No output dependent on input pin "CLOCK_50"
    Warning (15610): No output dependent on input pin "SW[0]"
Info (21057): Implemented 15 device resources after synthesis - the final resource count might be different
    Info (21058): Implemented 8 input pins
    Info (21059): Implemented 7 output pins
Info: Quartus Prime Analysis & Synthesis was successful. 0 errors, 19 warnings
    Info: Peak virtual memory: 4785 megabytes
    Info: Processing ended: Fri May 21 10:58:23 2021
    Info: Elapsed time: 00:00:13
    Info: Total CPU time (on all processors): 00:00:28


