Analysis & Synthesis report for Registo
Tue Jun 15 23:58:49 2021
Quartus Prime Version 17.1.0 Build 590 10/25/2017 SJ Lite Edition


---------------------
; Table of Contents ;
---------------------
  1. Legal Notice
  2. Analysis & Synthesis Summary
  3. Analysis & Synthesis Settings
  4. Parallel Compilation
  5. Analysis & Synthesis Source Files Read
  6. Analysis & Synthesis Resource Usage Summary
  7. Analysis & Synthesis Resource Utilization by Entity
  8. State Machine - |MaqVenda|Sel_Nblocos_gelo_FSM:deb_to_SelBlocos|PS
  9. State Machine - |MaqVenda|Escolha_Produto_FSM:reg_to_eref|PS
 10. Registers Removed During Synthesis
 11. General Register Statistics
 12. Multiplexer Restructuring Statistics (Restructuring Performed)
 13. Parameter Settings for User Entity Instance: ClkDividerN:clock1_entrada
 14. Parameter Settings for User Entity Instance: ClkDividerN:clock6_entrada
 15. Parameter Settings for User Entity Instance: Debouncers:Aumentar_Gelo
 16. Parameter Settings for User Entity Instance: Debouncers:Diminuir_Gelo
 17. Parameter Settings for Inferred Entity Instance: Timer_FSM:time_to_eref|lpm_mult:Mult0
 18. lpm_mult Parameter Settings by Entity Instance
 19. Port Connectivity Checks: "Escolha_Produto_FSM:reg_to_eref"
 20. Port Connectivity Checks: "ClkDividerN:clock1_entrada"
 21. Post-Synthesis Netlist Statistics for Top Partition
 22. Elapsed Time Per Partition
 23. Analysis & Synthesis Messages



----------------
; Legal Notice ;
----------------
Copyright (C) 2017  Intel Corporation. All rights reserved.
Your use of Intel Corporation's design tools, logic functions 
and other software and tools, and its AMPP partner logic 
functions, and any output files from any of the foregoing 
(including device programming or simulation files), and any 
associated documentation or information are expressly subject 
to the terms and conditions of the Intel Program License 
Subscription Agreement, the Intel Quartus Prime License Agreement,
the Intel FPGA IP License Agreement, or other applicable license
agreement, including, without limitation, that your use is for
the sole purpose of programming logic devices manufactured by
Intel and sold by Intel or its authorized distributors.  Please
refer to the applicable agreement for further details.



+----------------------------------------------------------------------------------+
; Analysis & Synthesis Summary                                                     ;
+------------------------------------+---------------------------------------------+
; Analysis & Synthesis Status        ; Successful - Tue Jun 15 23:58:49 2021       ;
; Quartus Prime Version              ; 17.1.0 Build 590 10/25/2017 SJ Lite Edition ;
; Revision Name                      ; Registo                                     ;
; Top-level Entity Name              ; MaqVenda                                    ;
; Family                             ; Cyclone IV E                                ;
; Total logic elements               ; 382                                         ;
;     Total combinational functions  ; 373                                         ;
;     Dedicated logic registers      ; 136                                         ;
; Total registers                    ; 136                                         ;
; Total pins                         ; 66                                          ;
; Total virtual pins                 ; 0                                           ;
; Total memory bits                  ; 0                                           ;
; Embedded Multiplier 9-bit elements ; 0                                           ;
; Total PLLs                         ; 0                                           ;
+------------------------------------+---------------------------------------------+


+----------------------------------------------------------------------------------------------------------------------+
; Analysis & Synthesis Settings                                                                                        ;
+----------------------------------------------------------------------------+--------------------+--------------------+
; Option                                                                     ; Setting            ; Default Value      ;
+----------------------------------------------------------------------------+--------------------+--------------------+
; Device                                                                     ; EP4CE115F29C7      ;                    ;
; Top-level entity name                                                      ; MaqVenda           ; Registo            ;
; Family name                                                                ; Cyclone IV E       ; Cyclone V          ;
; VHDL Show LMF Mapping Messages                                             ; Off                ;                    ;
; VHDL Version                                                               ; VHDL_2008          ; VHDL_1993          ;
; Use smart compilation                                                      ; Off                ; Off                ;
; Enable parallel Assembler and TimeQuest Timing Analyzer during compilation ; On                 ; On                 ;
; Enable compact report table                                                ; Off                ; Off                ;
; Restructure Multiplexers                                                   ; Auto               ; Auto               ;
; Create Debugging Nodes for IP Cores                                        ; Off                ; Off                ;
; Preserve fewer node names                                                  ; On                 ; On                 ;
; Intel FPGA IP Evaluation Mode                                              ; Enable             ; Enable             ;
; Verilog Version                                                            ; Verilog_2001       ; Verilog_2001       ;
; State Machine Processing                                                   ; Auto               ; Auto               ;
; Safe State Machine                                                         ; Off                ; Off                ;
; Extract Verilog State Machines                                             ; On                 ; On                 ;
; Extract VHDL State Machines                                                ; On                 ; On                 ;
; Ignore Verilog initial constructs                                          ; Off                ; Off                ;
; Iteration limit for constant Verilog loops                                 ; 5000               ; 5000               ;
; Iteration limit for non-constant Verilog loops                             ; 250                ; 250                ;
; Add Pass-Through Logic to Inferred RAMs                                    ; On                 ; On                 ;
; Infer RAMs from Raw Logic                                                  ; On                 ; On                 ;
; Parallel Synthesis                                                         ; On                 ; On                 ;
; DSP Block Balancing                                                        ; Auto               ; Auto               ;
; NOT Gate Push-Back                                                         ; On                 ; On                 ;
; Power-Up Don't Care                                                        ; On                 ; On                 ;
; Remove Redundant Logic Cells                                               ; Off                ; Off                ;
; Remove Duplicate Registers                                                 ; On                 ; On                 ;
; Ignore CARRY Buffers                                                       ; Off                ; Off                ;
; Ignore CASCADE Buffers                                                     ; Off                ; Off                ;
; Ignore GLOBAL Buffers                                                      ; Off                ; Off                ;
; Ignore ROW GLOBAL Buffers                                                  ; Off                ; Off                ;
; Ignore LCELL Buffers                                                       ; Off                ; Off                ;
; Ignore SOFT Buffers                                                        ; On                 ; On                 ;
; Limit AHDL Integers to 32 Bits                                             ; Off                ; Off                ;
; Optimization Technique                                                     ; Balanced           ; Balanced           ;
; Carry Chain Length                                                         ; 70                 ; 70                 ;
; Auto Carry Chains                                                          ; On                 ; On                 ;
; Auto Open-Drain Pins                                                       ; On                 ; On                 ;
; Perform WYSIWYG Primitive Resynthesis                                      ; Off                ; Off                ;
; Auto ROM Replacement                                                       ; On                 ; On                 ;
; Auto RAM Replacement                                                       ; On                 ; On                 ;
; Auto DSP Block Replacement                                                 ; On                 ; On                 ;
; Auto Shift Register Replacement                                            ; Auto               ; Auto               ;
; Allow Shift Register Merging across Hierarchies                            ; Auto               ; Auto               ;
; Auto Clock Enable Replacement                                              ; On                 ; On                 ;
; Strict RAM Replacement                                                     ; Off                ; Off                ;
; Allow Synchronous Control Signals                                          ; On                 ; On                 ;
; Force Use of Synchronous Clear Signals                                     ; Off                ; Off                ;
; Auto RAM Block Balancing                                                   ; On                 ; On                 ;
; Auto RAM to Logic Cell Conversion                                          ; Off                ; Off                ;
; Auto Resource Sharing                                                      ; Off                ; Off                ;
; Allow Any RAM Size For Recognition                                         ; Off                ; Off                ;
; Allow Any ROM Size For Recognition                                         ; Off                ; Off                ;
; Allow Any Shift Register Size For Recognition                              ; Off                ; Off                ;
; Use LogicLock Constraints during Resource Balancing                        ; On                 ; On                 ;
; Ignore translate_off and synthesis_off directives                          ; Off                ; Off                ;
; Timing-Driven Synthesis                                                    ; On                 ; On                 ;
; Report Parameter Settings                                                  ; On                 ; On                 ;
; Report Source Assignments                                                  ; On                 ; On                 ;
; Report Connectivity Checks                                                 ; On                 ; On                 ;
; Ignore Maximum Fan-Out Assignments                                         ; Off                ; Off                ;
; Synchronization Register Chain Length                                      ; 2                  ; 2                  ;
; Power Optimization During Synthesis                                        ; Normal compilation ; Normal compilation ;
; HDL message level                                                          ; Level2             ; Level2             ;
; Suppress Register Optimization Related Messages                            ; Off                ; Off                ;
; Number of Removed Registers Reported in Synthesis Report                   ; 5000               ; 5000               ;
; Number of Swept Nodes Reported in Synthesis Report                         ; 5000               ; 5000               ;
; Number of Inverted Registers Reported in Synthesis Report                  ; 100                ; 100                ;
; Clock MUX Protection                                                       ; On                 ; On                 ;
; Auto Gated Clock Conversion                                                ; Off                ; Off                ;
; Block Design Naming                                                        ; Auto               ; Auto               ;
; SDC constraint protection                                                  ; Off                ; Off                ;
; Synthesis Effort                                                           ; Auto               ; Auto               ;
; Shift Register Replacement - Allow Asynchronous Clear Signal               ; On                 ; On                 ;
; Pre-Mapping Resynthesis Optimization                                       ; Off                ; Off                ;
; Analysis & Synthesis Message Level                                         ; Medium             ; Medium             ;
; Disable Register Merging Across Hierarchies                                ; Auto               ; Auto               ;
; Resource Aware Inference For Block RAM                                     ; On                 ; On                 ;
+----------------------------------------------------------------------------+--------------------+--------------------+


+------------------------------------------+
; Parallel Compilation                     ;
+----------------------------+-------------+
; Processors                 ; Number      ;
+----------------------------+-------------+
; Number detected on machine ; 8           ;
; Maximum allowed            ; 4           ;
;                            ;             ;
; Average used               ; 1.00        ;
; Maximum used               ; 4           ;
;                            ;             ;
; Usage by Processor         ; % Time Used ;
;     Processor 1            ; 100.0%      ;
;     Processors 2-4         ;   0.0%      ;
+----------------------------+-------------+


+------------------------------------------------------------------------------------------------------------------------------------------------------------+
; Analysis & Synthesis Source Files Read                                                                                                                     ;
+----------------------------------+-----------------+-----------------+---------------------------------------------------------------------------+---------+
; File Name with User-Entered Path ; Used in Netlist ; File Type       ; File Name with Absolute Path                                              ; Library ;
+----------------------------------+-----------------+-----------------+---------------------------------------------------------------------------+---------+
; Timer_FSM.vhd                    ; yes             ; User VHDL File  ; C:/LSD/ProjFinal/Timer_FSM.vhd                                            ;         ;
; MaqVenda.vhd                     ; yes             ; User VHDL File  ; C:/LSD/ProjFinal/MaqVenda.vhd                                             ;         ;
; RegistarRefrigerantes.vhdl       ; yes             ; User VHDL File  ; C:/LSD/ProjFinal/RegistarRefrigerantes.vhdl                               ;         ;
; Bin7SegDecoder.vhd               ; yes             ; User VHDL File  ; C:/LSD/ProjFinal/Bin7SegDecoder.vhd                                       ;         ;
; Escolha_Produto_FSM.vhdl         ; yes             ; User VHDL File  ; C:/LSD/ProjFinal/Escolha_Produto_FSM.vhdl                                 ;         ;
; ClkDividerN.vhd                  ; yes             ; User VHDL File  ; C:/LSD/ProjFinal/ClkDividerN.vhd                                          ;         ;
; Debouncers.vhdl                  ; yes             ; User VHDL File  ; C:/LSD/ProjFinal/Debouncers.vhdl                                          ;         ;
; Sel_Nblocos_gelo_FSM.vhdl        ; yes             ; User VHDL File  ; C:/LSD/ProjFinal/Sel_Nblocos_gelo_FSM.vhdl                                ;         ;
; lpm_mult.tdf                     ; yes             ; Megafunction    ; c:/intelfpga_lite/17.1/quartus/libraries/megafunctions/lpm_mult.tdf       ;         ;
; aglobal171.inc                   ; yes             ; Megafunction    ; c:/intelfpga_lite/17.1/quartus/libraries/megafunctions/aglobal171.inc     ;         ;
; lpm_add_sub.inc                  ; yes             ; Megafunction    ; c:/intelfpga_lite/17.1/quartus/libraries/megafunctions/lpm_add_sub.inc    ;         ;
; multcore.inc                     ; yes             ; Megafunction    ; c:/intelfpga_lite/17.1/quartus/libraries/megafunctions/multcore.inc       ;         ;
; bypassff.inc                     ; yes             ; Megafunction    ; c:/intelfpga_lite/17.1/quartus/libraries/megafunctions/bypassff.inc       ;         ;
; altshift.inc                     ; yes             ; Megafunction    ; c:/intelfpga_lite/17.1/quartus/libraries/megafunctions/altshift.inc       ;         ;
; multcore.tdf                     ; yes             ; Megafunction    ; c:/intelfpga_lite/17.1/quartus/libraries/megafunctions/multcore.tdf       ;         ;
; csa_add.inc                      ; yes             ; Megafunction    ; c:/intelfpga_lite/17.1/quartus/libraries/megafunctions/csa_add.inc        ;         ;
; mpar_add.inc                     ; yes             ; Megafunction    ; c:/intelfpga_lite/17.1/quartus/libraries/megafunctions/mpar_add.inc       ;         ;
; muleabz.inc                      ; yes             ; Megafunction    ; c:/intelfpga_lite/17.1/quartus/libraries/megafunctions/muleabz.inc        ;         ;
; mul_lfrg.inc                     ; yes             ; Megafunction    ; c:/intelfpga_lite/17.1/quartus/libraries/megafunctions/mul_lfrg.inc       ;         ;
; mul_boothc.inc                   ; yes             ; Megafunction    ; c:/intelfpga_lite/17.1/quartus/libraries/megafunctions/mul_boothc.inc     ;         ;
; alt_ded_mult.inc                 ; yes             ; Megafunction    ; c:/intelfpga_lite/17.1/quartus/libraries/megafunctions/alt_ded_mult.inc   ;         ;
; alt_ded_mult_y.inc               ; yes             ; Megafunction    ; c:/intelfpga_lite/17.1/quartus/libraries/megafunctions/alt_ded_mult_y.inc ;         ;
; dffpipe.inc                      ; yes             ; Megafunction    ; c:/intelfpga_lite/17.1/quartus/libraries/megafunctions/dffpipe.inc        ;         ;
; mpar_add.tdf                     ; yes             ; Megafunction    ; c:/intelfpga_lite/17.1/quartus/libraries/megafunctions/mpar_add.tdf       ;         ;
; altshift.tdf                     ; yes             ; Megafunction    ; c:/intelfpga_lite/17.1/quartus/libraries/megafunctions/altshift.tdf       ;         ;
+----------------------------------+-----------------+-----------------+---------------------------------------------------------------------------+---------+


+--------------------------------------------------------------+
; Analysis & Synthesis Resource Usage Summary                  ;
+---------------------------------------------+----------------+
; Resource                                    ; Usage          ;
+---------------------------------------------+----------------+
; Estimated Total logic elements              ; 382            ;
;                                             ;                ;
; Total combinational functions               ; 373            ;
; Logic element usage by number of LUT inputs ;                ;
;     -- 4 input functions                    ; 132            ;
;     -- 3 input functions                    ; 66             ;
;     -- <=2 input functions                  ; 175            ;
;                                             ;                ;
; Logic elements by mode                      ;                ;
;     -- normal mode                          ; 247            ;
;     -- arithmetic mode                      ; 126            ;
;                                             ;                ;
; Total registers                             ; 136            ;
;     -- Dedicated logic registers            ; 136            ;
;     -- I/O registers                        ; 0              ;
;                                             ;                ;
; I/O pins                                    ; 66             ;
;                                             ;                ;
; Embedded Multiplier 9-bit elements          ; 0              ;
;                                             ;                ;
; Maximum fan-out node                        ; CLOCK_50~input ;
; Maximum fan-out                             ; 136            ;
; Total fan-out                               ; 1576           ;
; Average fan-out                             ; 2.46           ;
+---------------------------------------------+----------------+


+-----------------------------------------------------------------------------------------------------------------------------------------------------------------------------------------------------------------------------------------------------------------------------------+
; Analysis & Synthesis Resource Utilization by Entity                                                                                                                                                                                                                               ;
+--------------------------------------------+---------------------+---------------------------+-------------+--------------+---------+-----------+------+--------------+--------------------------------------------------------------------+-----------------------+--------------+
; Compilation Hierarchy Node                 ; Combinational ALUTs ; Dedicated Logic Registers ; Memory Bits ; DSP Elements ; DSP 9x9 ; DSP 18x18 ; Pins ; Virtual Pins ; Full Hierarchy Name                                                ; Entity Name           ; Library Name ;
+--------------------------------------------+---------------------+---------------------------+-------------+--------------+---------+-----------+------+--------------+--------------------------------------------------------------------+-----------------------+--------------+
; |MaqVenda                                  ; 373 (1)             ; 136 (0)                   ; 0           ; 0            ; 0       ; 0         ; 66   ; 0            ; |MaqVenda                                                          ; MaqVenda              ; work         ;
;    |Bin7SegDecoder:Disp0|                  ; 6 (6)               ; 0 (0)                     ; 0           ; 0            ; 0       ; 0         ; 0    ; 0            ; |MaqVenda|Bin7SegDecoder:Disp0                                     ; Bin7SegDecoder        ; work         ;
;    |Bin7SegDecoder:Disp1|                  ; 7 (7)               ; 0 (0)                     ; 0           ; 0            ; 0       ; 0         ; 0    ; 0            ; |MaqVenda|Bin7SegDecoder:Disp1                                     ; Bin7SegDecoder        ; work         ;
;    |Bin7SegDecoder:Disp2|                  ; 7 (7)               ; 0 (0)                     ; 0           ; 0            ; 0       ; 0         ; 0    ; 0            ; |MaqVenda|Bin7SegDecoder:Disp2                                     ; Bin7SegDecoder        ; work         ;
;    |Bin7SegDecoder:Disp3|                  ; 9 (9)               ; 0 (0)                     ; 0           ; 0            ; 0       ; 0         ; 0    ; 0            ; |MaqVenda|Bin7SegDecoder:Disp3                                     ; Bin7SegDecoder        ; work         ;
;    |Bin7SegDecoder:display_cubo2|          ; 2 (2)               ; 0 (0)                     ; 0           ; 0            ; 0       ; 0         ; 0    ; 0            ; |MaqVenda|Bin7SegDecoder:display_cubo2                             ; Bin7SegDecoder        ; work         ;
;    |Bin7SegDecoder:display_cubo3|          ; 1 (1)               ; 0 (0)                     ; 0           ; 0            ; 0       ; 0         ; 0    ; 0            ; |MaqVenda|Bin7SegDecoder:display_cubo3                             ; Bin7SegDecoder        ; work         ;
;    |ClkDividerN:clock6_entrada|            ; 58 (58)             ; 32 (32)                   ; 0           ; 0            ; 0       ; 0         ; 0    ; 0            ; |MaqVenda|ClkDividerN:clock6_entrada                               ; ClkDividerN           ; work         ;
;    |Debouncers:Aumentar_Gelo|              ; 67 (67)             ; 26 (26)                   ; 0           ; 0            ; 0       ; 0         ; 0    ; 0            ; |MaqVenda|Debouncers:Aumentar_Gelo                                 ; Debouncers            ; work         ;
;    |Debouncers:Diminuir_Gelo|              ; 67 (67)             ; 26 (26)                   ; 0           ; 0            ; 0       ; 0         ; 0    ; 0            ; |MaqVenda|Debouncers:Diminuir_Gelo                                 ; Debouncers            ; work         ;
;    |Escolha_Produto_FSM:reg_to_eref|       ; 32 (32)             ; 9 (9)                     ; 0           ; 0            ; 0       ; 0         ; 0    ; 0            ; |MaqVenda|Escolha_Produto_FSM:reg_to_eref                          ; Escolha_Produto_FSM   ; work         ;
;    |RegistarRefrigerantes:conect_reg|      ; 0 (0)               ; 5 (5)                     ; 0           ; 0            ; 0       ; 0         ; 0    ; 0            ; |MaqVenda|RegistarRefrigerantes:conect_reg                         ; RegistarRefrigerantes ; work         ;
;    |Sel_Nblocos_gelo_FSM:deb_to_SelBlocos| ; 14 (14)             ; 6 (6)                     ; 0           ; 0            ; 0       ; 0         ; 0    ; 0            ; |MaqVenda|Sel_Nblocos_gelo_FSM:deb_to_SelBlocos                    ; Sel_Nblocos_gelo_FSM  ; work         ;
;    |Timer_FSM:time_to_eref|                ; 102 (98)            ; 32 (32)                   ; 0           ; 0            ; 0       ; 0         ; 0    ; 0            ; |MaqVenda|Timer_FSM:time_to_eref                                   ; Timer_FSM             ; work         ;
;       |lpm_mult:Mult0|                     ; 4 (0)               ; 0 (0)                     ; 0           ; 0            ; 0       ; 0         ; 0    ; 0            ; |MaqVenda|Timer_FSM:time_to_eref|lpm_mult:Mult0                    ; lpm_mult              ; work         ;
;          |multcore:mult_core|              ; 4 (4)               ; 0 (0)                     ; 0           ; 0            ; 0       ; 0         ; 0    ; 0            ; |MaqVenda|Timer_FSM:time_to_eref|lpm_mult:Mult0|multcore:mult_core ; multcore              ; work         ;
+--------------------------------------------+---------------------+---------------------------+-------------+--------------+---------+-----------+------+--------------+--------------------------------------------------------------------+-----------------------+--------------+
Note: For table entries with two numbers listed, the numbers in parentheses indicate the number of resources of the given type used by the specific entity alone. The numbers listed outside of parentheses indicate the total resources of the given type used by the specific entity and all of its sub-entities in the hierarchy.


Encoding Type:  One-Hot
+---------------------------------------------------------------------------------------------------------+
; State Machine - |MaqVenda|Sel_Nblocos_gelo_FSM:deb_to_SelBlocos|PS                                      ;
+--------------+------------+------------+-----------+------------+------------+--------------+-----------+
; Name         ; PS.T4cubos ; PS.T3cubos ; PS.T1cubo ; PS.T2cubos ; PS.T0cubos ; PS.Desligado ; PS.Inicio ;
+--------------+------------+------------+-----------+------------+------------+--------------+-----------+
; PS.Inicio    ; 0          ; 0          ; 0         ; 0          ; 0          ; 0            ; 0         ;
; PS.Desligado ; 0          ; 0          ; 0         ; 0          ; 0          ; 1            ; 1         ;
; PS.T0cubos   ; 0          ; 0          ; 0         ; 0          ; 1          ; 0            ; 1         ;
; PS.T2cubos   ; 0          ; 0          ; 0         ; 1          ; 0          ; 0            ; 1         ;
; PS.T1cubo    ; 0          ; 0          ; 1         ; 0          ; 0          ; 0            ; 1         ;
; PS.T3cubos   ; 0          ; 1          ; 0         ; 0          ; 0          ; 0            ; 1         ;
; PS.T4cubos   ; 1          ; 0          ; 0         ; 0          ; 0          ; 0            ; 1         ;
+--------------+------------+------------+-----------+------------+------------+--------------+-----------+


Encoding Type:  One-Hot
+--------------------------------------------------------------------------------------------------------------------------------------+
; State Machine - |MaqVenda|Escolha_Produto_FSM:reg_to_eref|PS                                                                         ;
+----------------+---------------+---------------+--------------+----------+----------+---------+----------+----------------+----------+
; Name           ; PS.TDoneTSpes ; PS.TDoneTSoli ; PS.TDoneTFan ; PS.TSpes ; PS.TSoli ; PS.TFan ; PS.TEref ; PS.ThihiEspera ; PS.Thihi ;
+----------------+---------------+---------------+--------------+----------+----------+---------+----------+----------------+----------+
; PS.Thihi       ; 0             ; 0             ; 0            ; 0        ; 0        ; 0       ; 0        ; 0              ; 0        ;
; PS.ThihiEspera ; 0             ; 0             ; 0            ; 0        ; 0        ; 0       ; 0        ; 1              ; 1        ;
; PS.TEref       ; 0             ; 0             ; 0            ; 0        ; 0        ; 0       ; 1        ; 0              ; 1        ;
; PS.TFan        ; 0             ; 0             ; 0            ; 0        ; 0        ; 1       ; 0        ; 0              ; 1        ;
; PS.TSoli       ; 0             ; 0             ; 0            ; 0        ; 1        ; 0       ; 0        ; 0              ; 1        ;
; PS.TSpes       ; 0             ; 0             ; 0            ; 1        ; 0        ; 0       ; 0        ; 0              ; 1        ;
; PS.TDoneTFan   ; 0             ; 0             ; 1            ; 0        ; 0        ; 0       ; 0        ; 0              ; 1        ;
; PS.TDoneTSoli  ; 0             ; 1             ; 0            ; 0        ; 0        ; 0       ; 0        ; 0              ; 1        ;
; PS.TDoneTSpes  ; 1             ; 0             ; 0            ; 0        ; 0        ; 0       ; 0        ; 0              ; 1        ;
+----------------+---------------+---------------+--------------+----------+----------+---------+----------+----------------+----------+


+-------------------------------------------------------------------------+
; Registers Removed During Synthesis                                      ;
+----------------------------------------------------+--------------------+
; Register name                                      ; Reason for Removal ;
+----------------------------------------------------+--------------------+
; Sel_Nblocos_gelo_FSM:deb_to_SelBlocos|PS.Desligado ; Lost fanout        ;
; Total Number of Removed Registers = 1              ;                    ;
+----------------------------------------------------+--------------------+


+------------------------------------------------------+
; General Register Statistics                          ;
+----------------------------------------------+-------+
; Statistic                                    ; Value ;
+----------------------------------------------+-------+
; Total registers                              ; 136   ;
; Number of registers using Synchronous Clear  ; 17    ;
; Number of registers using Synchronous Load   ; 19    ;
; Number of registers using Asynchronous Clear ; 0     ;
; Number of registers using Asynchronous Load  ; 0     ;
; Number of registers using Clock Enable       ; 66    ;
; Number of registers using Preset             ; 0     ;
+----------------------------------------------+-------+


+--------------------------------------------------------------------------------------------------------------------------------------------------------------------+
; Multiplexer Restructuring Statistics (Restructuring Performed)                                                                                                     ;
+--------------------+-----------+---------------+----------------------+------------------------+------------+------------------------------------------------------+
; Multiplexer Inputs ; Bus Width ; Baseline Area ; Area if Restructured ; Saving if Restructured ; Registered ; Example Multiplexer Output                           ;
+--------------------+-----------+---------------+----------------------+------------------------+------------+------------------------------------------------------+
; 5:1                ; 8 bits    ; 24 LEs        ; 16 LEs               ; 8 LEs                  ; Yes        ; |MaqVenda|Timer_FSM:time_to_eref|s_counter[6]        ;
; 5:1                ; 4 bits    ; 12 LEs        ; 8 LEs                ; 4 LEs                  ; Yes        ; |MaqVenda|Timer_FSM:time_to_eref|s_counter[30]       ;
; 5:1                ; 18 bits   ; 54 LEs        ; 36 LEs               ; 18 LEs                 ; Yes        ; |MaqVenda|Timer_FSM:time_to_eref|s_counter[8]        ;
; 5:1                ; 23 bits   ; 69 LEs        ; 46 LEs               ; 23 LEs                 ; Yes        ; |MaqVenda|Debouncers:Diminuir_Gelo|s_debounceCnt[20] ;
; 5:1                ; 23 bits   ; 69 LEs        ; 46 LEs               ; 23 LEs                 ; Yes        ; |MaqVenda|Debouncers:Aumentar_Gelo|s_debounceCnt[13] ;
; 3:1                ; 3 bits    ; 6 LEs         ; 6 LEs                ; 0 LEs                  ; No         ; |MaqVenda|Escolha_Produto_FSM:reg_to_eref|NS         ;
; 3:1                ; 2 bits    ; 4 LEs         ; 2 LEs                ; 2 LEs                  ; No         ; |MaqVenda|Escolha_Produto_FSM:reg_to_eref|NS         ;
+--------------------+-----------+---------------+----------------------+------------------------+------------+------------------------------------------------------+


+-------------------------------------------------------------------------+
; Parameter Settings for User Entity Instance: ClkDividerN:clock1_entrada ;
+----------------+----------+---------------------------------------------+
; Parameter Name ; Value    ; Type                                        ;
+----------------+----------+---------------------------------------------+
; k              ; 50000000 ; Signed Integer                              ;
+----------------+----------+---------------------------------------------+
Note: In order to hide this table in the UI and the text report file, please set the "Show Parameter Settings in Synthesis Report" option in "Analysis and Synthesis Settings -> More Settings" to "Off".


+-------------------------------------------------------------------------+
; Parameter Settings for User Entity Instance: ClkDividerN:clock6_entrada ;
+----------------+---------+----------------------------------------------+
; Parameter Name ; Value   ; Type                                         ;
+----------------+---------+----------------------------------------------+
; k              ; 8333333 ; Signed Integer                               ;
+----------------+---------+----------------------------------------------+
Note: In order to hide this table in the UI and the text report file, please set the "Show Parameter Settings in Synthesis Report" option in "Analysis and Synthesis Settings -> More Settings" to "Off".


+-----------------------------------------------------------------------+
; Parameter Settings for User Entity Instance: Debouncers:Aumentar_Gelo ;
+----------------+-------+----------------------------------------------+
; Parameter Name ; Value ; Type                                         ;
+----------------+-------+----------------------------------------------+
; khzclkfreq     ; 50000 ; Signed Integer                               ;
; msecmininwidth ; 100   ; Signed Integer                               ;
; inpolarity     ; '1'   ; Enumerated                                   ;
; outpolarity    ; '1'   ; Enumerated                                   ;
+----------------+-------+----------------------------------------------+
Note: In order to hide this table in the UI and the text report file, please set the "Show Parameter Settings in Synthesis Report" option in "Analysis and Synthesis Settings -> More Settings" to "Off".


+-----------------------------------------------------------------------+
; Parameter Settings for User Entity Instance: Debouncers:Diminuir_Gelo ;
+----------------+-------+----------------------------------------------+
; Parameter Name ; Value ; Type                                         ;
+----------------+-------+----------------------------------------------+
; khzclkfreq     ; 50000 ; Signed Integer                               ;
; msecmininwidth ; 100   ; Signed Integer                               ;
; inpolarity     ; '1'   ; Enumerated                                   ;
; outpolarity    ; '1'   ; Enumerated                                   ;
+----------------+-------+----------------------------------------------+
Note: In order to hide this table in the UI and the text report file, please set the "Show Parameter Settings in Synthesis Report" option in "Analysis and Synthesis Settings -> More Settings" to "Off".


+----------------------------------------------------------------------------------------+
; Parameter Settings for Inferred Entity Instance: Timer_FSM:time_to_eref|lpm_mult:Mult0 ;
+------------------------------------------------+--------------+------------------------+
; Parameter Name                                 ; Value        ; Type                   ;
+------------------------------------------------+--------------+------------------------+
; AUTO_CARRY_CHAINS                              ; ON           ; AUTO_CARRY             ;
; IGNORE_CARRY_BUFFERS                           ; OFF          ; IGNORE_CARRY           ;
; AUTO_CASCADE_CHAINS                            ; ON           ; AUTO_CASCADE           ;
; IGNORE_CASCADE_BUFFERS                         ; OFF          ; IGNORE_CASCADE         ;
; LPM_WIDTHA                                     ; 4            ; Untyped                ;
; LPM_WIDTHB                                     ; 26           ; Untyped                ;
; LPM_WIDTHP                                     ; 30           ; Untyped                ;
; LPM_WIDTHR                                     ; 30           ; Untyped                ;
; LPM_WIDTHS                                     ; 1            ; Untyped                ;
; LPM_REPRESENTATION                             ; UNSIGNED     ; Untyped                ;
; LPM_PIPELINE                                   ; 0            ; Untyped                ;
; LATENCY                                        ; 0            ; Untyped                ;
; INPUT_A_IS_CONSTANT                            ; NO           ; Untyped                ;
; INPUT_B_IS_CONSTANT                            ; YES          ; Untyped                ;
; USE_EAB                                        ; OFF          ; Untyped                ;
; MAXIMIZE_SPEED                                 ; 5            ; Untyped                ;
; DEVICE_FAMILY                                  ; Cyclone IV E ; Untyped                ;
; CARRY_CHAIN                                    ; MANUAL       ; Untyped                ;
; APEX20K_TECHNOLOGY_MAPPER                      ; LUT          ; TECH_MAPPER_APEX20K    ;
; DEDICATED_MULTIPLIER_CIRCUITRY                 ; AUTO         ; Untyped                ;
; DEDICATED_MULTIPLIER_MIN_INPUT_WIDTH_FOR_AUTO  ; 0            ; Untyped                ;
; DEDICATED_MULTIPLIER_MIN_OUTPUT_WIDTH_FOR_AUTO ; 0            ; Untyped                ;
; CBXI_PARAMETER                                 ; NOTHING      ; Untyped                ;
; INPUT_A_FIXED_VALUE                            ; Bx           ; Untyped                ;
; INPUT_B_FIXED_VALUE                            ; Bx           ; Untyped                ;
; USE_AHDL_IMPLEMENTATION                        ; OFF          ; Untyped                ;
+------------------------------------------------+--------------+------------------------+
Note: In order to hide this table in the UI and the text report file, please set the "Show Parameter Settings in Synthesis Report" option in "Analysis and Synthesis Settings -> More Settings" to "Off".


+-------------------------------------------------------------------------------+
; lpm_mult Parameter Settings by Entity Instance                                ;
+---------------------------------------+---------------------------------------+
; Name                                  ; Value                                 ;
+---------------------------------------+---------------------------------------+
; Number of entity instances            ; 1                                     ;
; Entity Instance                       ; Timer_FSM:time_to_eref|lpm_mult:Mult0 ;
;     -- LPM_WIDTHA                     ; 4                                     ;
;     -- LPM_WIDTHB                     ; 26                                    ;
;     -- LPM_WIDTHP                     ; 30                                    ;
;     -- LPM_REPRESENTATION             ; UNSIGNED                              ;
;     -- INPUT_A_IS_CONSTANT            ; NO                                    ;
;     -- INPUT_B_IS_CONSTANT            ; YES                                   ;
;     -- USE_EAB                        ; OFF                                   ;
;     -- DEDICATED_MULTIPLIER_CIRCUITRY ; AUTO                                  ;
;     -- INPUT_A_FIXED_VALUE            ; Bx                                    ;
;     -- INPUT_B_FIXED_VALUE            ; Bx                                    ;
+---------------------------------------+---------------------------------------+


+------------------------------------------------------------------------------------------------------------------------+
; Port Connectivity Checks: "Escolha_Produto_FSM:reg_to_eref"                                                            ;
+--------------+--------+----------+-------------------------------------------------------------------------------------+
; Port         ; Type   ; Severity ; Details                                                                             ;
+--------------+--------+----------+-------------------------------------------------------------------------------------+
; sel_modo_gel ; Output ; Info     ; Connected to dangling logic. Logic that only feeds a dangling port will be removed. ;
+--------------+--------+----------+-------------------------------------------------------------------------------------+


+------------------------------------------------------------------------------------------------------------------+
; Port Connectivity Checks: "ClkDividerN:clock1_entrada"                                                           ;
+--------+--------+----------+-------------------------------------------------------------------------------------+
; Port   ; Type   ; Severity ; Details                                                                             ;
+--------+--------+----------+-------------------------------------------------------------------------------------+
; clkout ; Output ; Info     ; Connected to dangling logic. Logic that only feeds a dangling port will be removed. ;
+--------+--------+----------+-------------------------------------------------------------------------------------+


+-----------------------------------------------------+
; Post-Synthesis Netlist Statistics for Top Partition ;
+-----------------------+-----------------------------+
; Type                  ; Count                       ;
+-----------------------+-----------------------------+
; boundary_port         ; 66                          ;
; cycloneiii_ff         ; 136                         ;
;     ENA               ; 44                          ;
;     ENA SCLR          ; 4                           ;
;     ENA SLD           ; 18                          ;
;     SCLR              ; 13                          ;
;     SLD               ; 1                           ;
;     plain             ; 56                          ;
; cycloneiii_lcell_comb ; 380                         ;
;     arith             ; 126                         ;
;         1 data inputs ; 3                           ;
;         2 data inputs ; 123                         ;
;     normal            ; 254                         ;
;         0 data inputs ; 2                           ;
;         1 data inputs ; 14                          ;
;         2 data inputs ; 40                          ;
;         3 data inputs ; 66                          ;
;         4 data inputs ; 132                         ;
;                       ;                             ;
; Max LUT depth         ; 7.00                        ;
; Average LUT depth     ; 3.94                        ;
+-----------------------+-----------------------------+


+-------------------------------+
; Elapsed Time Per Partition    ;
+----------------+--------------+
; Partition Name ; Elapsed Time ;
+----------------+--------------+
; Top            ; 00:00:01     ;
+----------------+--------------+


+-------------------------------+
; Analysis & Synthesis Messages ;
+-------------------------------+
Info: *******************************************************************
Info: Running Quartus Prime Analysis & Synthesis
    Info: Version 17.1.0 Build 590 10/25/2017 SJ Lite Edition
    Info: Processing started: Tue Jun 15 23:58:37 2021
Info: Command: quartus_map --read_settings_files=on --write_settings_files=off Registo -c Registo
Warning (18236): Number of processors has not been specified which may cause overloading on shared machines.  Set the global assignment NUM_PARALLEL_PROCESSORS in your QSF to an appropriate value for best performance.
Info (20030): Parallel compilation is enabled and will use 4 of the 4 processors detected
Info (12021): Found 2 design units, including 1 entities, in source file timer_fsm.vhd
    Info (12022): Found design unit 1: Timer_FSM-Behavioral File: C:/LSD/ProjFinal/Timer_FSM.vhd Line: 14
    Info (12023): Found entity 1: Timer_FSM File: C:/LSD/ProjFinal/Timer_FSM.vhd Line: 5
Info (12021): Found 2 design units, including 1 entities, in source file maqvenda.vhd
    Info (12022): Found design unit 1: MaqVenda-Behav File: C:/LSD/ProjFinal/MaqVenda.vhd Line: 21
    Info (12023): Found entity 1: MaqVenda File: C:/LSD/ProjFinal/MaqVenda.vhd Line: 4
Info (12021): Found 2 design units, including 1 entities, in source file registarrefrigerantes.vhdl
    Info (12022): Found design unit 1: RegistarRefrigerantes-Behav File: C:/LSD/ProjFinal/RegistarRefrigerantes.vhdl Line: 16
    Info (12023): Found entity 1: RegistarRefrigerantes File: C:/LSD/ProjFinal/RegistarRefrigerantes.vhdl Line: 5
Info (12021): Found 2 design units, including 1 entities, in source file bin7segdecoder.vhd
    Info (12022): Found design unit 1: Bin7SegDecoder-Behavioral File: C:/LSD/ProjFinal/Bin7SegDecoder.vhd Line: 11
    Info (12023): Found entity 1: Bin7SegDecoder File: C:/LSD/ProjFinal/Bin7SegDecoder.vhd Line: 4
Info (12021): Found 2 design units, including 1 entities, in source file escolha_produto_fsm.vhdl
    Info (12022): Found design unit 1: Escolha_Produto_FSM-Behavior File: C:/LSD/ProjFinal/Escolha_Produto_FSM.vhdl Line: 30
    Info (12023): Found entity 1: Escolha_Produto_FSM File: C:/LSD/ProjFinal/Escolha_Produto_FSM.vhdl Line: 4
Info (12021): Found 2 design units, including 1 entities, in source file clkdividern.vhd
    Info (12022): Found design unit 1: ClkDividerN-RTL File: C:/LSD/ProjFinal/ClkDividerN.vhd Line: 11
    Info (12023): Found entity 1: ClkDividerN File: C:/LSD/ProjFinal/ClkDividerN.vhd Line: 5
Info (12021): Found 2 design units, including 1 entities, in source file debouncers.vhdl
    Info (12022): Found design unit 1: Debouncers-Behavioral File: C:/LSD/ProjFinal/Debouncers.vhdl Line: 15
    Info (12023): Found entity 1: Debouncers File: C:/LSD/ProjFinal/Debouncers.vhdl Line: 5
Info (12021): Found 2 design units, including 1 entities, in source file sel_nblocos_gelo_fsm.vhdl
    Info (12022): Found design unit 1: Sel_Nblocos_gelo_FSM-Beh File: C:/LSD/ProjFinal/Sel_Nblocos_gelo_FSM.vhdl Line: 15
    Info (12023): Found entity 1: Sel_Nblocos_gelo_FSM File: C:/LSD/ProjFinal/Sel_Nblocos_gelo_FSM.vhdl Line: 4
Info (12127): Elaborating entity "MaqVenda" for the top level hierarchy
Warning (10036): Verilog HDL or VHDL warning at MaqVenda.vhd(23): object "s_clk" assigned a value but never read File: C:/LSD/ProjFinal/MaqVenda.vhd Line: 23
Info (12129): Elaborating entity "ClkDividerN" using architecture "A:rtl" for hierarchy "ClkDividerN:clock1_entrada" File: C:/LSD/ProjFinal/MaqVenda.vhd Line: 47
Info (12129): Elaborating entity "ClkDividerN" using architecture "A:rtl" for hierarchy "ClkDividerN:clock6_entrada" File: C:/LSD/ProjFinal/MaqVenda.vhd Line: 52
Info (12129): Elaborating entity "RegistarRefrigerantes" using architecture "A:behav" for hierarchy "RegistarRefrigerantes:conect_reg" File: C:/LSD/ProjFinal/MaqVenda.vhd Line: 57
Info (12129): Elaborating entity "Escolha_Produto_FSM" using architecture "A:behavior" for hierarchy "Escolha_Produto_FSM:reg_to_eref" File: C:/LSD/ProjFinal/MaqVenda.vhd Line: 71
Info (12129): Elaborating entity "Timer_FSM" using architecture "A:behavioral" for hierarchy "Timer_FSM:time_to_eref" File: C:/LSD/ProjFinal/MaqVenda.vhd Line: 88
Warning (10540): VHDL Signal Declaration warning at Timer_FSM.vhd(17): used explicit default value for signal "time_cycle" because signal was never assigned a value File: C:/LSD/ProjFinal/Timer_FSM.vhd Line: 17
Info (12129): Elaborating entity "Bin7SegDecoder" using architecture "A:behavioral" for hierarchy "Bin7SegDecoder:Disp0" File: C:/LSD/ProjFinal/MaqVenda.vhd Line: 97
Info (12129): Elaborating entity "Debouncers" using architecture "A:behavioral" for hierarchy "Debouncers:Aumentar_Gelo" File: C:/LSD/ProjFinal/MaqVenda.vhd Line: 117
Info (12129): Elaborating entity "Sel_Nblocos_gelo_FSM" using architecture "A:beh" for hierarchy "Sel_Nblocos_gelo_FSM:deb_to_SelBlocos" File: C:/LSD/ProjFinal/MaqVenda.vhd Line: 127
Warning (10492): VHDL Process Statement warning at Sel_Nblocos_gelo_FSM.vhdl(46): signal "Sel_Modo_Gel" is read inside the Process Statement but isn't in the Process Statement's sensitivity list File: C:/LSD/ProjFinal/Sel_Nblocos_gelo_FSM.vhdl Line: 46
Warning (10492): VHDL Process Statement warning at Sel_Nblocos_gelo_FSM.vhdl(55): signal "Sel_Modo_Gel" is read inside the Process Statement but isn't in the Process Statement's sensitivity list File: C:/LSD/ProjFinal/Sel_Nblocos_gelo_FSM.vhdl Line: 55
Warning (10492): VHDL Process Statement warning at Sel_Nblocos_gelo_FSM.vhdl(57): signal "Sel_Modo_Gel" is read inside the Process Statement but isn't in the Process Statement's sensitivity list File: C:/LSD/ProjFinal/Sel_Nblocos_gelo_FSM.vhdl Line: 57
Warning (10492): VHDL Process Statement warning at Sel_Nblocos_gelo_FSM.vhdl(59): signal "Sel_Modo_Gel" is read inside the Process Statement but isn't in the Process Statement's sensitivity list File: C:/LSD/ProjFinal/Sel_Nblocos_gelo_FSM.vhdl Line: 59
Warning (10492): VHDL Process Statement warning at Sel_Nblocos_gelo_FSM.vhdl(67): signal "Sel_Modo_Gel" is read inside the Process Statement but isn't in the Process Statement's sensitivity list File: C:/LSD/ProjFinal/Sel_Nblocos_gelo_FSM.vhdl Line: 67
Warning (10492): VHDL Process Statement warning at Sel_Nblocos_gelo_FSM.vhdl(70): signal "Sel_Modo_Gel" is read inside the Process Statement but isn't in the Process Statement's sensitivity list File: C:/LSD/ProjFinal/Sel_Nblocos_gelo_FSM.vhdl Line: 70
Warning (10492): VHDL Process Statement warning at Sel_Nblocos_gelo_FSM.vhdl(79): signal "Sel_Modo_Gel" is read inside the Process Statement but isn't in the Process Statement's sensitivity list File: C:/LSD/ProjFinal/Sel_Nblocos_gelo_FSM.vhdl Line: 79
Warning (10492): VHDL Process Statement warning at Sel_Nblocos_gelo_FSM.vhdl(81): signal "Sel_Modo_Gel" is read inside the Process Statement but isn't in the Process Statement's sensitivity list File: C:/LSD/ProjFinal/Sel_Nblocos_gelo_FSM.vhdl Line: 81
Warning (10492): VHDL Process Statement warning at Sel_Nblocos_gelo_FSM.vhdl(83): signal "Sel_Modo_Gel" is read inside the Process Statement but isn't in the Process Statement's sensitivity list File: C:/LSD/ProjFinal/Sel_Nblocos_gelo_FSM.vhdl Line: 83
Warning (10492): VHDL Process Statement warning at Sel_Nblocos_gelo_FSM.vhdl(92): signal "Sel_Modo_Gel" is read inside the Process Statement but isn't in the Process Statement's sensitivity list File: C:/LSD/ProjFinal/Sel_Nblocos_gelo_FSM.vhdl Line: 92
Warning (10492): VHDL Process Statement warning at Sel_Nblocos_gelo_FSM.vhdl(94): signal "Sel_Modo_Gel" is read inside the Process Statement but isn't in the Process Statement's sensitivity list File: C:/LSD/ProjFinal/Sel_Nblocos_gelo_FSM.vhdl Line: 94
Warning (10492): VHDL Process Statement warning at Sel_Nblocos_gelo_FSM.vhdl(96): signal "Sel_Modo_Gel" is read inside the Process Statement but isn't in the Process Statement's sensitivity list File: C:/LSD/ProjFinal/Sel_Nblocos_gelo_FSM.vhdl Line: 96
Warning (10492): VHDL Process Statement warning at Sel_Nblocos_gelo_FSM.vhdl(105): signal "Sel_Modo_Gel" is read inside the Process Statement but isn't in the Process Statement's sensitivity list File: C:/LSD/ProjFinal/Sel_Nblocos_gelo_FSM.vhdl Line: 105
Warning (10492): VHDL Process Statement warning at Sel_Nblocos_gelo_FSM.vhdl(107): signal "Sel_Modo_Gel" is read inside the Process Statement but isn't in the Process Statement's sensitivity list File: C:/LSD/ProjFinal/Sel_Nblocos_gelo_FSM.vhdl Line: 107
Info (278001): Inferred 1 megafunctions from design logic
    Info (278003): Inferred multiplier megafunction ("lpm_mult") from the following logic: "Timer_FSM:time_to_eref|Mult0" File: C:/LSD/ProjFinal/Timer_FSM.vhd Line: 17
Info (12130): Elaborated megafunction instantiation "Timer_FSM:time_to_eref|lpm_mult:Mult0" File: C:/LSD/ProjFinal/Timer_FSM.vhd Line: 17
Info (12133): Instantiated megafunction "Timer_FSM:time_to_eref|lpm_mult:Mult0" with the following parameter: File: C:/LSD/ProjFinal/Timer_FSM.vhd Line: 17
    Info (12134): Parameter "LPM_WIDTHA" = "4"
    Info (12134): Parameter "LPM_WIDTHB" = "26"
    Info (12134): Parameter "LPM_WIDTHP" = "30"
    Info (12134): Parameter "LPM_WIDTHR" = "30"
    Info (12134): Parameter "LPM_WIDTHS" = "1"
    Info (12134): Parameter "LPM_REPRESENTATION" = "UNSIGNED"
    Info (12134): Parameter "INPUT_A_IS_CONSTANT" = "NO"
    Info (12134): Parameter "INPUT_B_IS_CONSTANT" = "YES"
    Info (12134): Parameter "MAXIMIZE_SPEED" = "5"
Info (12131): Elaborated megafunction instantiation "Timer_FSM:time_to_eref|lpm_mult:Mult0|multcore:mult_core", which is child of megafunction instantiation "Timer_FSM:time_to_eref|lpm_mult:Mult0" File: c:/intelfpga_lite/17.1/quartus/libraries/megafunctions/lpm_mult.tdf Line: 308
Info (12131): Elaborated megafunction instantiation "Timer_FSM:time_to_eref|lpm_mult:Mult0|multcore:mult_core|mpar_add:padder", which is child of megafunction instantiation "Timer_FSM:time_to_eref|lpm_mult:Mult0" File: c:/intelfpga_lite/17.1/quartus/libraries/megafunctions/multcore.tdf Line: 228
Info (12131): Elaborated megafunction instantiation "Timer_FSM:time_to_eref|lpm_mult:Mult0|altshift:external_latency_ffs", which is child of megafunction instantiation "Timer_FSM:time_to_eref|lpm_mult:Mult0" File: c:/intelfpga_lite/17.1/quartus/libraries/megafunctions/lpm_mult.tdf Line: 351
Warning (13024): Output pins are stuck at VCC or GND
    Warning (13410): Pin "HEX4[6]" is stuck at VCC File: C:/LSD/ProjFinal/MaqVenda.vhd Line: 14
    Warning (13410): Pin "HEX5[6]" is stuck at VCC File: C:/LSD/ProjFinal/MaqVenda.vhd Line: 15
    Warning (13410): Pin "HEX6[6]" is stuck at VCC File: C:/LSD/ProjFinal/MaqVenda.vhd Line: 16
    Warning (13410): Pin "HEX7[6]" is stuck at VCC File: C:/LSD/ProjFinal/MaqVenda.vhd Line: 17
Info (286030): Timing-Driven Synthesis is running
Info (17049): 1 registers lost all their fanouts during netlist optimizations.
Info (16010): Generating hard_block partition "hard_block:auto_generated_inst"
    Info (16011): Adding 0 node(s), including 0 DDIO, 0 PLL, 0 transceiver and 0 LCELL
Info (21057): Implemented 448 device resources after synthesis - the final resource count might be different
    Info (21058): Implemented 8 input pins
    Info (21059): Implemented 58 output pins
    Info (21061): Implemented 382 logic cells
Info: Quartus Prime Analysis & Synthesis was successful. 0 errors, 22 warnings
    Info: Peak virtual memory: 4797 megabytes
    Info: Processing ended: Tue Jun 15 23:58:49 2021
    Info: Elapsed time: 00:00:12
    Info: Total CPU time (on all processors): 00:00:22


